<?xml version="1.0" encoding="UTF-8" ?>
<testsuite failures="1" time="0.01" errors="0" skipped="0" tests="1" name="org.zetta1985.GuiceFindBindingsByTypeTest">
  <properties>
    <property name="java.runtime.name" value="Java(TM) SE Runtime Environment"/>
    <property name="sun.boot.library.path" value="/System/Library/Java/JavaVirtualMachines/1.6.0.jdk/Contents/Libraries"/>
    <property name="java.vm.version" value="19.1-b02-334"/>
    <property name="awt.nativeDoubleBuffering" value="true"/>
    <property name="gopherProxySet" value="false"/>
    <property name="mrj.build" value="10M3326"/>
    <property name="java.vm.vendor" value="Apple Inc."/>
    <property name="java.vendor.url" value="http://www.apple.com/"/>
    <property name="path.separator" value=":"/>
    <property name="java.vm.name" value="Java HotSpot(TM) 64-Bit Server VM"/>
    <property name="file.encoding.pkg" value="sun.io"/>
    <property name="user.country" value="JP"/>
    <property name="sun.java.launcher" value="SUN_STANDARD"/>
    <property name="sun.os.patch.level" value="unknown"/>
    <property name="java.vm.specification.name" value="Java Virtual Machine Specification"/>
    <property name="user.dir" value="/Users/t_hara/projects/appengine/workspace/zetta1985"/>
    <property name="java.runtime.version" value="1.6.0_24-b07-334-10M3326"/>
    <property name="java.awt.graphicsenv" value="apple.awt.CGraphicsEnvironment"/>
    <property name="basedir" value="/Users/t_hara/projects/appengine/workspace/zetta1985"/>
    <property name="java.endorsed.dirs" value="/System/Library/Java/JavaVirtualMachines/1.6.0.jdk/Contents/Home/lib/endorsed"/>
    <property name="os.arch" value="x86_64"/>
    <property name="surefire.real.class.path" value="/Users/t_hara/projects/appengine/workspace/zetta1985/target/surefire/surefirebooter7521235412766971034.jar"/>
    <property name="java.io.tmpdir" value="/var/folders/gG/gGlye8l1FHy4MPeft1ai-U+++TI/-Tmp-/"/>
    <property name="line.separator" value="
"/>
    <property name="java.vm.specification.vendor" value="Sun Microsystems Inc."/>
    <property name="os.name" value="Mac OS X"/>
    <property name="sun.jnu.encoding" value="SJIS"/>
    <property name="java.library.path" value=".:/Library/Java/Extensions:/System/Library/Java/Extensions:/usr/lib/java"/>
    <property name="surefire.test.class.path" value="/Users/t_hara/projects/appengine/workspace/zetta1985/target/test-classes:/Users/t_hara/projects/appengine/workspace/zetta1985/target/zetta1985/WEB-INF/classes:/Users/t_hara/.m2/repository/org/axonframework/axon-core/1.0-rc1/axon-core-1.0-rc1.jar:/Users/t_hara/.m2/repository/cglib/cglib-nodep/2.2/cglib-nodep-2.2.jar:/Users/t_hara/.m2/repository/joda-time/joda-time/1.6.2/joda-time-1.6.2.jar:/Users/t_hara/.m2/repository/commons-io/commons-io/1.4/commons-io-1.4.jar:/Users/t_hara/.m2/repository/net/sf/jsr107cache/jsr107cache/1.1/jsr107cache-1.1.jar:/Users/t_hara/.m2/repository/com/thoughtworks/xstream/xstream/1.3.1/xstream-1.3.1.jar:/Users/t_hara/.m2/repository/xpp3/xpp3/1.1.4c/xpp3-1.1.4c.jar:/Users/t_hara/.m2/repository/dom4j/dom4j/1.6.1/dom4j-1.6.1.jar:/Users/t_hara/.m2/repository/org/springframework/spring-core/2.5.6/spring-core-2.5.6.jar:/Users/t_hara/.m2/repository/commons-logging/commons-logging/1.1.1/commons-logging-1.1.1.jar:/Users/t_hara/.m2/repository/com/google/inject/guice/2.0/guice-2.0.jar:/Users/t_hara/.m2/repository/aopalliance/aopalliance/1.0/aopalliance-1.0.jar:/Users/t_hara/.m2/repository/com/google/inject/extensions/guice-multibindings/2.0/guice-multibindings-2.0.jar:/Users/t_hara/.m2/repository/javax/validation/validation-api/1.0.0.GA/validation-api-1.0.0.GA.jar:/Users/t_hara/.m2/repository/org/hibernate/hibernate-validator/4.0.2.GA/hibernate-validator-4.0.2.GA.jar:/Users/t_hara/.m2/repository/javax/xml/bind/jaxb-api/2.1/jaxb-api-2.1.jar:/Users/t_hara/.m2/repository/javax/xml/stream/stax-api/1.0-2/stax-api-1.0-2.jar:/Users/t_hara/.m2/repository/com/sun/xml/bind/jaxb-impl/2.1.3/jaxb-impl-2.1.3.jar:/Users/t_hara/.m2/repository/log4j/log4j/1.2.15/log4j-1.2.15.jar:/Users/t_hara/.m2/repository/org/slf4j/slf4j-api/1.5.6/slf4j-api-1.5.6.jar:/Users/t_hara/.m2/repository/org/slf4j/slf4j-log4j12/1.5.6/slf4j-log4j12-1.5.6.jar:/Users/t_hara/.m2/repository/commons-lang/commons-lang/2.5/commons-lang-2.5.jar:/Users/t_hara/.m2/repository/commons-collections/commons-collections/3.2.1/commons-collections-3.2.1.jar:/Users/t_hara/.m2/repository/org/slim3/slim3/1.0.6/slim3-1.0.6.jar:/Users/t_hara/.m2/repository/org/jboss/resteasy/resteasy-jaxrs/2.1.0.GA/resteasy-jaxrs-2.1.0.GA.jar:/Users/t_hara/.m2/repository/org/jboss/resteasy/jaxrs-api/2.1.0.GA/jaxrs-api-2.1.0.GA.jar:/Users/t_hara/.m2/repository/org/scannotation/scannotation/1.0.2/scannotation-1.0.2.jar:/Users/t_hara/.m2/repository/javassist/javassist/3.6.0.GA/javassist-3.6.0.GA.jar:/Users/t_hara/.m2/repository/javax/annotation/jsr250-api/1.0/jsr250-api-1.0.jar:/Users/t_hara/.m2/repository/javax/activation/activation/1.1/activation-1.1.jar:/Users/t_hara/.m2/repository/commons-httpclient/commons-httpclient/3.1/commons-httpclient-3.1.jar:/Users/t_hara/.m2/repository/commons-codec/commons-codec/1.2/commons-codec-1.2.jar:/Users/t_hara/.m2/repository/org/apache/httpcomponents/httpclient/4.0.3/httpclient-4.0.3.jar:/Users/t_hara/.m2/repository/org/apache/httpcomponents/httpcore/4.0.1/httpcore-4.0.1.jar:/Users/t_hara/.m2/repository/net/jcip/jcip-annotations/1.0/jcip-annotations-1.0.jar:/Users/t_hara/.m2/repository/org/jboss/resteasy/resteasy-guice/2.1.0.GA/resteasy-guice-2.1.0.GA.jar:/Users/t_hara/.m2/repository/com/google/code/guice/guice/2.0/guice-2.0.jar:/Users/t_hara/.m2/repository/org/jboss/resteasy/resteasy-jackson-provider/2.1.0.GA/resteasy-jackson-provider-2.1.0.GA.jar:/Users/t_hara/.m2/repository/org/codehaus/jackson/jackson-core-asl/1.6.3/jackson-core-asl-1.6.3.jar:/Users/t_hara/.m2/repository/org/codehaus/jackson/jackson-mapper-asl/1.6.3/jackson-mapper-asl-1.6.3.jar:/Users/t_hara/.m2/repository/org/codehaus/jackson/jackson-jaxrs/1.6.3/jackson-jaxrs-1.6.3.jar:/Users/t_hara/.m2/repository/org/codehaus/jackson/jackson-xc/1.6.3/jackson-xc-1.6.3.jar:/Users/t_hara/.m2/repository/javax/servlet/servlet-api/2.3/servlet-api-2.3.jar:/Users/t_hara/.m2/repository/javax/servlet/jsp-api/2.0/jsp-api-2.0.jar:/Users/t_hara/.m2/repository/javax/servlet/jstl/1.1.2/jstl-1.1.2.jar:/Users/t_hara/.m2/repository/taglibs/standard/1.1.2/standard-1.1.2.jar:/Users/t_hara/.m2/repository/junit/junit/4.8.2/junit-4.8.2.jar:/Users/t_hara/.m2/repository/org/hamcrest/hamcrest-library/1.2/hamcrest-library-1.2.jar:/Users/t_hara/.m2/repository/org/hamcrest/hamcrest-core/1.2/hamcrest-core-1.2.jar:/Users/t_hara/.m2/repository/org/mockito/mockito-core/1.8.5/mockito-core-1.8.5.jar:/Users/t_hara/.m2/repository/org/objenesis/objenesis/1.0/objenesis-1.0.jar:/Users/t_hara/.m2/repository/org/axonframework/axon-test/1.0-rc1/axon-test-1.0-rc1.jar:/Users/t_hara/.m2/repository/org/slf4j/jcl-over-slf4j/1.6.1/jcl-over-slf4j-1.6.1.jar:/Users/t_hara/.m2/repository/com/google/appengine/appengine-api-1.0-sdk/1.4.2/appengine-api-1.0-sdk-1.4.2.jar:/Users/t_hara/.m2/repository/com/google/appengine/appengine-testing/1.4.2/appengine-testing-1.4.2.jar:/Users/t_hara/.m2/repository/com/google/appengine/appengine-api-stubs/1.4.2/appengine-api-stubs-1.4.2.jar:/Users/t_hara/.m2/repository/com/google/appengine/appengine-api-labs/1.4.2/appengine-api-labs-1.4.2.jar:"/>
    <property name="java.specification.name" value="Java Platform API Specification"/>
    <property name="java.class.version" value="50.0"/>
    <property name="sun.management.compiler" value="HotSpot 64-Bit Server Compiler"/>
    <property name="os.version" value="10.6.6"/>
    <property name="http.nonProxyHosts" value="local|*.local|169.254/16|*.169.254/16"/>
    <property name="user.home" value="/Users/t_hara"/>
    <property name="user.timezone" value=""/>
    <property name="java.awt.printerjob" value="apple.awt.CPrinterJob"/>
    <property name="java.specification.version" value="1.6"/>
    <property name="file.encoding" value="SJIS"/>
    <property name="user.name" value="t_hara"/>
    <property name="java.class.path" value="/Users/t_hara/projects/appengine/workspace/zetta1985/target/test-classes:/Users/t_hara/projects/appengine/workspace/zetta1985/target/zetta1985/WEB-INF/classes:/Users/t_hara/.m2/repository/org/axonframework/axon-core/1.0-rc1/axon-core-1.0-rc1.jar:/Users/t_hara/.m2/repository/cglib/cglib-nodep/2.2/cglib-nodep-2.2.jar:/Users/t_hara/.m2/repository/joda-time/joda-time/1.6.2/joda-time-1.6.2.jar:/Users/t_hara/.m2/repository/commons-io/commons-io/1.4/commons-io-1.4.jar:/Users/t_hara/.m2/repository/net/sf/jsr107cache/jsr107cache/1.1/jsr107cache-1.1.jar:/Users/t_hara/.m2/repository/com/thoughtworks/xstream/xstream/1.3.1/xstream-1.3.1.jar:/Users/t_hara/.m2/repository/xpp3/xpp3/1.1.4c/xpp3-1.1.4c.jar:/Users/t_hara/.m2/repository/dom4j/dom4j/1.6.1/dom4j-1.6.1.jar:/Users/t_hara/.m2/repository/org/springframework/spring-core/2.5.6/spring-core-2.5.6.jar:/Users/t_hara/.m2/repository/commons-logging/commons-logging/1.1.1/commons-logging-1.1.1.jar:/Users/t_hara/.m2/repository/com/google/inject/guice/2.0/guice-2.0.jar:/Users/t_hara/.m2/repository/aopalliance/aopalliance/1.0/aopalliance-1.0.jar:/Users/t_hara/.m2/repository/com/google/inject/extensions/guice-multibindings/2.0/guice-multibindings-2.0.jar:/Users/t_hara/.m2/repository/javax/validation/validation-api/1.0.0.GA/validation-api-1.0.0.GA.jar:/Users/t_hara/.m2/repository/org/hibernate/hibernate-validator/4.0.2.GA/hibernate-validator-4.0.2.GA.jar:/Users/t_hara/.m2/repository/javax/xml/bind/jaxb-api/2.1/jaxb-api-2.1.jar:/Users/t_hara/.m2/repository/javax/xml/stream/stax-api/1.0-2/stax-api-1.0-2.jar:/Users/t_hara/.m2/repository/com/sun/xml/bind/jaxb-impl/2.1.3/jaxb-impl-2.1.3.jar:/Users/t_hara/.m2/repository/log4j/log4j/1.2.15/log4j-1.2.15.jar:/Users/t_hara/.m2/repository/org/slf4j/slf4j-api/1.5.6/slf4j-api-1.5.6.jar:/Users/t_hara/.m2/repository/org/slf4j/slf4j-log4j12/1.5.6/slf4j-log4j12-1.5.6.jar:/Users/t_hara/.m2/repository/commons-lang/commons-lang/2.5/commons-lang-2.5.jar:/Users/t_hara/.m2/repository/commons-collections/commons-collections/3.2.1/commons-collections-3.2.1.jar:/Users/t_hara/.m2/repository/org/slim3/slim3/1.0.6/slim3-1.0.6.jar:/Users/t_hara/.m2/repository/org/jboss/resteasy/resteasy-jaxrs/2.1.0.GA/resteasy-jaxrs-2.1.0.GA.jar:/Users/t_hara/.m2/repository/org/jboss/resteasy/jaxrs-api/2.1.0.GA/jaxrs-api-2.1.0.GA.jar:/Users/t_hara/.m2/repository/org/scannotation/scannotation/1.0.2/scannotation-1.0.2.jar:/Users/t_hara/.m2/repository/javassist/javassist/3.6.0.GA/javassist-3.6.0.GA.jar:/Users/t_hara/.m2/repository/javax/annotation/jsr250-api/1.0/jsr250-api-1.0.jar:/Users/t_hara/.m2/repository/javax/activation/activation/1.1/activation-1.1.jar:/Users/t_hara/.m2/repository/commons-httpclient/commons-httpclient/3.1/commons-httpclient-3.1.jar:/Users/t_hara/.m2/repository/commons-codec/commons-codec/1.2/commons-codec-1.2.jar:/Users/t_hara/.m2/repository/org/apache/httpcomponents/httpclient/4.0.3/httpclient-4.0.3.jar:/Users/t_hara/.m2/repository/org/apache/httpcomponents/httpcore/4.0.1/httpcore-4.0.1.jar:/Users/t_hara/.m2/repository/net/jcip/jcip-annotations/1.0/jcip-annotations-1.0.jar:/Users/t_hara/.m2/repository/org/jboss/resteasy/resteasy-guice/2.1.0.GA/resteasy-guice-2.1.0.GA.jar:/Users/t_hara/.m2/repository/com/google/code/guice/guice/2.0/guice-2.0.jar:/Users/t_hara/.m2/repository/org/jboss/resteasy/resteasy-jackson-provider/2.1.0.GA/resteasy-jackson-provider-2.1.0.GA.jar:/Users/t_hara/.m2/repository/org/codehaus/jackson/jackson-core-asl/1.6.3/jackson-core-asl-1.6.3.jar:/Users/t_hara/.m2/repository/org/codehaus/jackson/jackson-mapper-asl/1.6.3/jackson-mapper-asl-1.6.3.jar:/Users/t_hara/.m2/repository/org/codehaus/jackson/jackson-jaxrs/1.6.3/jackson-jaxrs-1.6.3.jar:/Users/t_hara/.m2/repository/org/codehaus/jackson/jackson-xc/1.6.3/jackson-xc-1.6.3.jar:/Users/t_hara/.m2/repository/javax/servlet/servlet-api/2.3/servlet-api-2.3.jar:/Users/t_hara/.m2/repository/javax/servlet/jsp-api/2.0/jsp-api-2.0.jar:/Users/t_hara/.m2/repository/javax/servlet/jstl/1.1.2/jstl-1.1.2.jar:/Users/t_hara/.m2/repository/taglibs/standard/1.1.2/standard-1.1.2.jar:/Users/t_hara/.m2/repository/junit/junit/4.8.2/junit-4.8.2.jar:/Users/t_hara/.m2/repository/org/hamcrest/hamcrest-library/1.2/hamcrest-library-1.2.jar:/Users/t_hara/.m2/repository/org/hamcrest/hamcrest-core/1.2/hamcrest-core-1.2.jar:/Users/t_hara/.m2/repository/org/mockito/mockito-core/1.8.5/mockito-core-1.8.5.jar:/Users/t_hara/.m2/repository/org/objenesis/objenesis/1.0/objenesis-1.0.jar:/Users/t_hara/.m2/repository/org/axonframework/axon-test/1.0-rc1/axon-test-1.0-rc1.jar:/Users/t_hara/.m2/repository/org/slf4j/jcl-over-slf4j/1.6.1/jcl-over-slf4j-1.6.1.jar:/Users/t_hara/.m2/repository/com/google/appengine/appengine-api-1.0-sdk/1.4.2/appengine-api-1.0-sdk-1.4.2.jar:/Users/t_hara/.m2/repository/com/google/appengine/appengine-testing/1.4.2/appengine-testing-1.4.2.jar:/Users/t_hara/.m2/repository/com/google/appengine/appengine-api-stubs/1.4.2/appengine-api-stubs-1.4.2.jar:/Users/t_hara/.m2/repository/com/google/appengine/appengine-api-labs/1.4.2/appengine-api-labs-1.4.2.jar:"/>
    <property name="java.vm.specification.version" value="1.0"/>
    <property name="sun.arch.data.model" value="64"/>
    <property name="java.home" value="/System/Library/Java/JavaVirtualMachines/1.6.0.jdk/Contents/Home"/>
    <property name="java.specification.vendor" value="Sun Microsystems Inc."/>
    <property name="user.language" value="ja"/>
    <property name="awt.toolkit" value="apple.awt.CToolkit"/>
    <property name="java.vm.info" value="mixed mode"/>
    <property name="java.version" value="1.6.0_24"/>
    <property name="java.ext.dirs" value="/Library/Java/Extensions:/System/Library/Java/Extensions:/System/Library/Java/JavaVirtualMachines/1.6.0.jdk/Contents/Home/lib/ext"/>
    <property name="sun.boot.class.path" value="/System/Library/Java/JavaVirtualMachines/1.6.0.jdk/Contents/Classes/jsfd.jar:/System/Library/Java/JavaVirtualMachines/1.6.0.jdk/Contents/Classes/classes.jar:/System/Library/Frameworks/JavaVM.framework/Frameworks/JavaRuntimeSupport.framework/Resources/Java/JavaRuntimeSupport.jar:/System/Library/Java/JavaVirtualMachines/1.6.0.jdk/Contents/Classes/ui.jar:/System/Library/Java/JavaVirtualMachines/1.6.0.jdk/Contents/Classes/laf.jar:/System/Library/Java/JavaVirtualMachines/1.6.0.jdk/Contents/Classes/sunrsasign.jar:/System/Library/Java/JavaVirtualMachines/1.6.0.jdk/Contents/Classes/jsse.jar:/System/Library/Java/JavaVirtualMachines/1.6.0.jdk/Contents/Classes/jce.jar:/System/Library/Java/JavaVirtualMachines/1.6.0.jdk/Contents/Classes/charsets.jar"/>
    <property name="java.vendor" value="Apple Inc."/>
    <property name="localRepository" value="/Users/t_hara/.m2/repository"/>
    <property name="file.separator" value="/"/>
    <property name="java.vendor.url.bug" value="http://bugreport.apple.com/"/>
    <property name="sun.cpu.endian" value="little"/>
    <property name="sun.io.unicode.encoding" value="UnicodeLittle"/>
    <property name="mrj.version" value="1060.1.6.0_24-334"/>
    <property name="socksNonProxyHosts" value="local|*.local|169.254/16|*.169.254/16"/>
    <property name="ftp.nonProxyHosts" value="local|*.local|169.254/16|*.169.254/16"/>
    <property name="sun.cpu.isalist" value=""/>
  </properties>
  <testcase time="0.008" classname="org.zetta1985.GuiceFindBindingsByTypeTest" name="find">
    <failure message="expected:&lt;2&gt; but was:&lt;1&gt;" type="java.lang.AssertionError">java.lang.AssertionError: expected:&lt;2&gt; but was:&lt;1&gt;
	at org.junit.Assert.fail(Assert.java:91)
	at org.junit.Assert.failNotEquals(Assert.java:645)
	at org.junit.Assert.assertEquals(Assert.java:126)
	at org.junit.Assert.assertEquals(Assert.java:470)
	at org.junit.Assert.assertEquals(Assert.java:454)
	at org.zetta1985.GuiceFindBindingsByTypeTest.find(GuiceFindBindingsByTypeTest.java:40)
	at sun.reflect.NativeMethodAccessorImpl.invoke0(Native Method)
	at sun.reflect.NativeMethodAccessorImpl.invoke(NativeMethodAccessorImpl.java:39)
	at sun.reflect.DelegatingMethodAccessorImpl.invoke(DelegatingMethodAccessorImpl.java:25)
	at java.lang.reflect.Method.invoke(Method.java:597)
	at org.junit.runners.model.FrameworkMethod$1.runReflectiveCall(FrameworkMethod.java:44)
	at org.junit.internal.runners.model.ReflectiveCallable.run(ReflectiveCallable.java:15)
	at org.junit.runners.model.FrameworkMethod.invokeExplosively(FrameworkMethod.java:41)
	at org.junit.internal.runners.statements.InvokeMethod.evaluate(InvokeMethod.java:20)
	at org.junit.runners.BlockJUnit4ClassRunner.runNotIgnored(BlockJUnit4ClassRunner.java:79)
	at org.junit.runners.BlockJUnit4ClassRunner.runChild(BlockJUnit4ClassRunner.java:71)
	at org.junit.runners.BlockJUnit4ClassRunner.runChild(BlockJUnit4ClassRunner.java:49)
	at org.junit.runners.ParentRunner$3.run(ParentRunner.java:193)
	at org.junit.runners.ParentRunner$1.schedule(ParentRunner.java:52)
	at org.junit.runners.ParentRunner.runChildren(ParentRunner.java:191)
	at org.junit.runners.ParentRunner.access$000(ParentRunner.java:42)
	at org.junit.runners.ParentRunner$2.evaluate(ParentRunner.java:184)
	at org.junit.runners.ParentRunner.run(ParentRunner.java:236)
	at org.apache.maven.surefire.junit4.JUnit4TestSet.execute(JUnit4TestSet.java:35)
	at org.apache.maven.surefire.junit4.JUnit4Provider.executeTestSet(JUnit4Provider.java:146)
	at org.apache.maven.surefire.junit4.JUnit4Provider.invoke(JUnit4Provider.java:97)
	at sun.reflect.NativeMethodAccessorImpl.invoke0(Native Method)
	at sun.reflect.NativeMethodAccessorImpl.invoke(NativeMethodAccessorImpl.java:39)
	at sun.reflect.DelegatingMethodAccessorImpl.invoke(DelegatingMethodAccessorImpl.java:25)
	at java.lang.reflect.Method.invoke(Method.java:597)
	at org.apache.maven.surefire.booter.ProviderFactory$ClassLoaderProxy.invoke(ProviderFactory.java:103)
	at $Proxy0.invoke(Unknown Source)
	at org.apache.maven.surefire.booter.SurefireStarter.invokeProvider(SurefireStarter.java:145)
	at org.apache.maven.surefire.booter.SurefireStarter.runSuitesInProcess(SurefireStarter.java:87)
	at org.apache.maven.surefire.booter.ForkedBooter.main(ForkedBooter.java:69)
</failure>
    <system-out>@SLTests run: 3, Failures: 0, Errors: 0, Skipped: 0, Time elapsed: 0.031 sec
@SLRunning org.zetta1985.GuiceFindBindingsByTypeTest
class org.zetta1985.GuiceFindBindingsByTypeTest$Bean : class org.zetta1985.GuiceFindBindingsByTypeTest$Bean
class org.zetta1985.GuiceFindBindingsByTypeTest$Bean2 : class org.zetta1985.GuiceFindBindingsByTypeTest$Bean2
</system-out>
  </testcase>
</testsuite>